android-tv/app/build/intermediates/manifest_merge_blame_file/debug/manifest-merger-blame-debug-report.txt
1<?xml version="1.0" encoding="utf-8"?>
2<manifest xmlns:android="http://schemas.android.com/apk/res/android"
3    package="com.kvideo.tv"
4    android:versionCode="1"
5    android:versionName="1.0.0" >
6
7    <uses-sdk
8        android:minSdkVersion="21"
9        android:targetSdkVersion="34" />
10
11    <uses-permission android:name="android.permission.INTERNET" />
11-->src/main/AndroidManifest.xml:5:5-67
11-->src/main/AndroidManifest.xml:5:22-64
12
13    <uses-feature
13-->src/main/AndroidManifest.xml:7:5-9:35
14        android:name="android.software.leanback"
14-->src/main/AndroidManifest.xml:8:9-49
15        android:required="true" />
15-->src/main/AndroidManifest.xml:9:9-32
16    <uses-feature
16-->src/main/AndroidManifest.xml:11:5-13:36
17        android:name="android.hardware.touchscreen"
17-->src/main/AndroidManifest.xml:12:9-52
18        android:required="false" />
18-->src/main/AndroidManifest.xml:13:9-33
19
20    <permission
20-->[androidx.core:core:1.12.0] AndroidManifest.xml:22:5-24:47
21        android:name="com.kvideo.tv.DYNAMIC_RECEIVER_NOT_EXPORTED_PERMISSION"
21-->[androidx.core:core:1.12.0] AndroidManifest.xml:23:9-81
22        android:protectionLevel="signature" />
22-->[androidx.core:core:1.12.0] AndroidManifest.xml:24:9-44
23
24    <uses-permission android:name="com.kvideo.tv.DYNAMIC_RECEIVER_NOT_EXPORTED_PERMISSION" />
24-->[androidx.core:core:1.12.0] AndroidManifest.xml:26:5-97
24-->[androidx.core:core:1.12.0] AndroidManifest.xml:26:22-94
25
26    <application
26-->src/main/AndroidManifest.xml:15:5-43:19
27        android:allowBackup="true"
27-->src/main/AndroidManifest.xml:16:9-35
28        android:appComponentFactory="androidx.core.app.CoreComponentFactory"
28-->[androidx.core:core:1.12.0] AndroidManifest.xml:28:18-86
29        android:debuggable="true"
30        android:extractNativeLibs="true"
31        android:hardwareAccelerated="true"
31-->src/main/AndroidManifest.xml:17:9-43
32        android:icon="@mipmap/ic_launcher"
32-->src/main/AndroidManifest.xml:18:9-43
33        android:label="@string/app_name"
33-->src/main/AndroidManifest.xml:19:9-41
34        android:supportsRtl="true"
34-->src/main/AndroidManifest.xml:20:9-35
35        android:theme="@style/AppTheme"
35-->src/main/AndroidManifest.xml:21:9-40
36        android:usesCleartextTraffic="true" >
36-->src/main/AndroidManifest.xml:22:9-44
37        <activity
37-->src/main/AndroidManifest.xml:25:9-42:20
38            android:name="com.kvideo.tv.MainActivity"
38-->src/main/AndroidManifest.xml:26:13-41
39            android:configChanges="orientation|screenSize|keyboardHidden"
39-->src/main/AndroidManifest.xml:27:13-74
40            android:exported="true"
40-->src/main/AndroidManifest.xml:28:13-36
41            android:screenOrientation="landscape" >
41-->src/main/AndroidManifest.xml:29:13-50
42
43            <!-- Leanback launcher (Android TV home) -->
44            <intent-filter>
44-->src/main/AndroidManifest.xml:32:13-35:29
45                <action android:name="android.intent.action.MAIN" />
45-->src/main/AndroidManifest.xml:33:17-69
45-->src/main/AndroidManifest.xml:33:25-66
46
47                <category android:name="android.intent.category.LEANBACK_LAUNCHER" />
47-->src/main/AndroidManifest.xml:34:17-86
47-->src/main/AndroidManifest.xml:34:27-83
48            </intent-filter>
49
50            <!-- Standard launcher fallback -->
51            <intent-filter>
51-->src/main/AndroidManifest.xml:38:13-41:29
52                <action android:name="android.intent.action.MAIN" />
52-->src/main/AndroidManifest.xml:33:17-69
52-->src/main/AndroidManifest.xml:33:25-66
53
54                <category android:name="android.intent.category.LAUNCHER" />
54-->src/main/AndroidManifest.xml:40:17-77
54-->src/main/AndroidManifest.xml:40:27-74
55            </intent-filter>
56        </activity>
57
58        <provider
58-->[androidx.profileinstaller:profileinstaller:1.3.0] AndroidManifest.xml:24:9-32:20
59            android:name="androidx.startup.InitializationProvider"
59-->[androidx.profileinstaller:profileinstaller:1.3.0] AndroidManifest.xml:25:13-67
60            android:authorities="com.kvideo.tv.androidx-startup"
60-->[androidx.profileinstaller:profileinstaller:1.3.0] AndroidManifest.xml:26:13-68
61            android:exported="false" >
61-->[androidx.profileinstaller:profileinstaller:1.3.0] AndroidManifest.xml:27:13-37
62            <meta-data
62-->[androidx.profileinstaller:profileinstaller:1.3.0] AndroidManifest.xml:29:13-31:52
63                android:name="androidx.profileinstaller.ProfileInstallerInitializer"
63-->[androidx.profileinstaller:profileinstaller:1.3.0] AndroidManifest.xml:30:17-85
64                android:value="androidx.startup" />
64-->[androidx.profileinstaller:profileinstaller:1.3.0] AndroidManifest.xml:31:17-49
65        </provider>
66
67        <receiver
67-->[androidx.profileinstaller:profileinstaller:1.3.0] AndroidManifest.xml:34:9-52:20
68            android:name="androidx.profileinstaller.ProfileInstallReceiver"
68-->[androidx.profileinstaller:profileinstaller:1.3.0] AndroidManifest.xml:35:13-76
69            android:directBootAware="false"
69-->[androidx.profileinstaller:profileinstaller:1.3.0] AndroidManifest.xml:36:13-44
70            android:enabled="true"
70-->[androidx.profileinstaller:profileinstaller:1.3.0] AndroidManifest.xml:37:13-35
71            android:exported="true"
71-->[androidx.profileinstaller:profileinstaller:1.3.0] AndroidManifest.xml:38:13-36
72            android:permission="android.permission.DUMP" >
72-->[androidx.profileinstaller:profileinstaller:1.3.0] AndroidManifest.xml:39:13-57
73            <intent-filter>
73-->[androidx.profileinstaller:profileinstaller:1.3.0] AndroidManifest.xml:40:13-42:29
74                <action android:name="androidx.profileinstaller.action.INSTALL_PROFILE" />
74-->[androidx.profileinstaller:profileinstaller:1.3.0] AndroidManifest.xml:41:17-91
74-->[androidx.profileinstaller:profileinstaller:1.3.0] AndroidManifest.xml:41:25-88
75            </intent-filter>
76            <intent-filter>
76-->[androidx.profileinstaller:profileinstaller:1.3.0] AndroidManifest.xml:43:13-45:29
77                <action android:name="androidx.profileinstaller.action.SKIP_FILE" />
77-->[androidx.profileinstaller:profileinstaller:1.3.0] AndroidManifest.xml:44:17-85
77-->[androidx.profileinstaller:profileinstaller:1.3.0] AndroidManifest.xml:44:25-82
78            </intent-filter>
79            <intent-filter>
79-->[androidx.profileinstaller:profileinstaller:1.3.0] AndroidManifest.xml:46:13-48:29
80                <action android:name="androidx.profileinstaller.action.SAVE_PROFILE" />
80-->[androidx.profileinstaller:profileinstaller:1.3.0] AndroidManifest.xml:47:17-88
80-->[androidx.profileinstaller:profileinstaller:1.3.0] AndroidManifest.xml:47:25-85
81            </intent-filter>
82            <intent-filter>
82-->[androidx.profileinstaller:profileinstaller:1.3.0] AndroidManifest.xml:49:13-51:29
83                <action android:name="androidx.profileinstaller.action.BENCHMARK_OPERATION" />
83-->[androidx.profileinstaller:profileinstaller:1.3.0] AndroidManifest.xml:50:17-95
83-->[androidx.profileinstaller:profileinstaller:1.3.0] AndroidManifest.xml:50:25-92
84            </intent-filter>
85        </receiver>
86    </application>
87
88</manifest>